timestamp: 2023-11-14T19:15:08.688123
CREATE TABLE "py4web_session"(
    "id" INTEGER PRIMARY KEY AUTOINCREMENT,
    "rkey" CHAR(512),
    "rvalue" TEXT,
    "expiration" INTEGER,
    "created_on" TIMESTAMP,
    "expires_on" TIMESTAMP
);
success!
timestamp: 2023-11-14T19:15:08.697575
CREATE TABLE "auth_user"(
    "id" INTEGER PRIMARY KEY AUTOINCREMENT,
    "username" CHAR(512) UNIQUE,
    "email" CHAR(512) UNIQUE,
    "password" CHAR(512),
    "first_name" CHAR(512),
    "last_name" CHAR(512),
    "sso_id" CHAR(512),
    "action_token" CHAR(512),
    "last_password_change" TIMESTAMP,
    "past_passwords_hash" TEXT
);
success!
timestamp: 2023-11-14T19:15:08.704100
CREATE TABLE "auth_user_tag_groups"(
    "id" INTEGER PRIMARY KEY AUTOINCREMENT,
    "tagpath" CHAR(512),
    "record_id" INTEGER REFERENCES "auth_user" ("id") ON DELETE CASCADE ON UPDATE CASCADE  
);
success!
timestamp: 2023-11-14T19:15:08.713099
CREATE TABLE "follow"(
    "id" INTEGER PRIMARY KEY AUTOINCREMENT,
    "user_name" CHAR(512),
    "uid" CHAR(512),
    "user_email" CHAR(512),
    "creation_date" TIMESTAMP
);
success!
timestamp: 2023-11-14T19:15:08.718660
CREATE TABLE "meow"(
    "id" INTEGER PRIMARY KEY AUTOINCREMENT,
    "author" CHAR(512),
    "content" CHAR(512),
    "reply_owner" CHAR(512),
    "total_replies" CHAR(512),
    "timestamp" TIMESTAMP
);
success!
timestamp: 2023-11-14T19:15:08.725213
CREATE TABLE "posts"(
    "id" INTEGER PRIMARY KEY AUTOINCREMENT,
    "prompt" CHAR(512),
    "new_prompt" CHAR(512),
    "image_url" CHAR(512),
    "image_data" TEXT
);
success!
